<?xml version="1.0" encoding="UTF-8"?>
<!-- Generated by org.testng.reporters.JUnitXMLReporter -->
<testsuite ignored="0" hostname="Abhi-PC" failures="1" tests="4" name="Error Tests" time="28.641" errors="0" timestamp="2024-07-30T16:57:27 IST">
  <testcase classname="shoppingsitetests.ErrorValidations" name="loginErrorTest" time="0.732">
    <skipped/>
  </testcase> <!-- loginErrorTest -->
  <testcase classname="shoppingsitetests.ErrorValidations" name="loginErrorTest" time="0.612">
    <skipped/>
  </testcase> <!-- loginErrorTest -->
  <testcase classname="shoppingsitetests.ErrorValidations" name="loginErrorTest" time="1.088">
    <failure type="java.lang.AssertionError" message="expected [Incorrect email or password.] but found [Incorrect email or passwor]">
      <![CDATA[java.lang.AssertionError: expected [Incorrect email or password.] but found [Incorrect email or passwor]
at shoppingsitetests.ErrorValidations.loginErrorTest(ErrorValidations.java:19)
at java.base/java.util.ArrayList.forEach(ArrayList.java:1511)
at java.base/java.util.concurrent.FutureTask.run(FutureTask.java:264)
at java.base/java.util.concurrent.ThreadPoolExecutor.runWorker(ThreadPoolExecutor.java:1136)
at java.base/java.util.concurrent.ThreadPoolExecutor$Worker.run(ThreadPoolExecutor.java:635)
at java.base/java.lang.Thread.run(Thread.java:833)
... Removed 24 stack frames]]>
    </failure>
  </testcase> <!-- loginErrorTest -->
  <testcase classname="shoppingsitetests.ErrorValidations" name="productErrorTest" time="14.756"/>
</testsuite> <!-- Error Tests -->
